This is pdfTeX, Version 3.141592653-2.6-1.40.26 (MiKTeX 24.4) (preloaded format=pdflatex 2024.5.13)  1 JUN 2024 08:28
entering extended mode
 restricted \write18 enabled.
 file:line:error style messages enabled.
 %&-line parsing enabled.
**"c:/Users/alejo/OneDrive - Universidad de Las Américas/UDLA/otros/web-scraping/pptp/web-scraping.tex"
(c:/Users/alejo/OneDrive - Universidad de Las Américas/UDLA/otros/web-scraping/pptp/web-scraping.tex
LaTeX2e <2023-11-01> patch level 1
L3 programming layer <2024-04-11>
(C:\Users\alejo\AppData\Local\Programs\MiKTeX\tex/latex/beamer\beamer.cls
Document Class: beamer 2024/01/06 v3.71 A class for typesetting presentations
(C:\Users\alejo\AppData\Local\Programs\MiKTeX\tex/latex/beamer\beamerbasemodes.sty (C:\Users\alejo\AppData\Local\Programs\MiKTeX\tex/latex/etoolbox\etoolbox.sty
Package: etoolbox 2020/10/05 v2.5k e-TeX tools for LaTeX (JAW)
\etb@tempcnta=\count189
)
\beamer@tempbox=\box51
\beamer@tempcount=\count190
\c@beamerpauses=\count191
 (C:\Users\alejo\AppData\Local\Programs\MiKTeX\tex/latex/beamer\beamerbasedecode.sty
\beamer@slideinframe=\count192
\beamer@minimum=\count193
\beamer@decode@box=\box52
)
\beamer@commentbox=\box53
\beamer@modecount=\count194
) (C:\Users\alejo\AppData\Local\Programs\MiKTeX\tex/generic/iftex\iftex.sty
Package: iftex 2022/02/03 v1.0f TeX engine tests
)
\headdp=\dimen140
\footheight=\dimen141
\sidebarheight=\dimen142
\beamer@tempdim=\dimen143
\beamer@finalheight=\dimen144
\beamer@animht=\dimen145
\beamer@animdp=\dimen146
\beamer@animwd=\dimen147
\beamer@leftmargin=\dimen148
\beamer@rightmargin=\dimen149
\beamer@leftsidebar=\dimen150
\beamer@rightsidebar=\dimen151
\beamer@boxsize=\dimen152
\beamer@vboxoffset=\dimen153
\beamer@descdefault=\dimen154
\beamer@descriptionwidth=\dimen155
\beamer@lastskip=\skip48
\beamer@areabox=\box54
\beamer@animcurrent=\box55
\beamer@animshowbox=\box56
\beamer@sectionbox=\box57
\beamer@logobox=\box58
\beamer@linebox=\box59
\beamer@sectioncount=\count195
\beamer@subsubsectionmax=\count196
\beamer@subsectionmax=\count197
\beamer@sectionmax=\count198
\beamer@totalheads=\count199
\beamer@headcounter=\count266
\beamer@partstartpage=\count267
\beamer@sectionstartpage=\count268
\beamer@subsectionstartpage=\count269
\beamer@animationtempa=\count270
\beamer@animationtempb=\count271
\beamer@xpos=\count272
\beamer@ypos=\count273
\beamer@ypos@offset=\count274
\beamer@showpartnumber=\count275
\beamer@currentsubsection=\count276
\beamer@coveringdepth=\count277
\beamer@sectionadjust=\count278
\beamer@toclastsection=\count279
\beamer@tocsectionnumber=\count280
 (C:\Users\alejo\AppData\Local\Programs\MiKTeX\tex/latex/beamer\beamerbaseoptions.sty (C:\Users\alejo\AppData\Local\Programs\MiKTeX\tex/latex/graphics\keyval.sty
Package: keyval 2022/05/29 v1.15 key=value parser (DPC)
\KV@toks@=\toks17
))
\beamer@paperwidth=\skip49
\beamer@paperheight=\skip50
 (C:\Users\alejo\AppData\Local\Programs\MiKTeX\tex/latex/geometry\geometry.sty
Package: geometry 2020/01/02 v5.9 Page Geometry
 (C:\Users\alejo\AppData\Local\Programs\MiKTeX\tex/generic/iftex\ifvtex.sty
Package: ifvtex 2019/10/25 v1.7 ifvtex legacy package. Use iftex instead.
)
\Gm@cnth=\count281
\Gm@cntv=\count282
\c@Gm@tempcnt=\count283
\Gm@bindingoffset=\dimen156
\Gm@wd@mp=\dimen157
\Gm@odd@mp=\dimen158
\Gm@even@mp=\dimen159
\Gm@layoutwidth=\dimen160
\Gm@layoutheight=\dimen161
\Gm@layouthoffset=\dimen162
\Gm@layoutvoffset=\dimen163
\Gm@dimlist=\toks18
 (C:\Users\alejo\AppData\Local\Programs\MiKTeX\tex/latex/geometry\geometry.cfg)) (C:\Users\alejo\AppData\Local\Programs\MiKTeX\tex/latex/pgf/math\pgfmath.sty (C:\Users\alejo\AppData\Local\Programs\MiKTeX\tex/latex/pgf/utilities\pgfrcs.sty (C:\Users\alejo\AppData\Local\Programs\MiKTeX\tex/generic/pgf/utilities\pgfutil-common.tex
\pgfutil@everybye=\toks19
\pgfutil@tempdima=\dimen164
\pgfutil@tempdimb=\dimen165
) (C:\Users\alejo\AppData\Local\Programs\MiKTeX\tex/generic/pgf/utilities\pgfutil-latex.def
\pgfutil@abb=\box60
) (C:\Users\alejo\AppData\Local\Programs\MiKTeX\tex/generic/pgf/utilities\pgfrcs.code.tex (C:\Users\alejo\AppData\Local\Programs\MiKTeX\tex/generic/pgf\pgf.revision.tex)
Package: pgfrcs 2023-01-15 v3.1.10 (3.1.10)
)) (C:\Users\alejo\AppData\Local\Programs\MiKTeX\tex/latex/pgf/utilities\pgfkeys.sty (C:\Users\alejo\AppData\Local\Programs\MiKTeX\tex/generic/pgf/utilities\pgfkeys.code.tex
\pgfkeys@pathtoks=\toks20
\pgfkeys@temptoks=\toks21
 (C:\Users\alejo\AppData\Local\Programs\MiKTeX\tex/generic/pgf/utilities\pgfkeyslibraryfiltered.code.tex
\pgfkeys@tmptoks=\toks22
))) (C:\Users\alejo\AppData\Local\Programs\MiKTeX\tex/generic/pgf/math\pgfmath.code.tex (C:\Users\alejo\AppData\Local\Programs\MiKTeX\tex/generic/pgf/math\pgfmathutil.code.tex
\pgf@x=\dimen166
\pgf@xa=\dimen167
\pgf@xb=\dimen168
\pgf@xc=\dimen169
\pgf@y=\dimen170
\pgf@ya=\dimen171
\pgf@yb=\dimen172
\pgf@yc=\dimen173
\c@pgf@counta=\count284
\c@pgf@countb=\count285
\c@pgf@countc=\count286
\c@pgf@countd=\count287
) (C:\Users\alejo\AppData\Local\Programs\MiKTeX\tex/generic/pgf/math\pgfmathparser.code.tex
\pgfmath@dimen=\dimen174
\pgfmath@count=\count288
\pgfmath@box=\box61
\pgfmath@toks=\toks23
\pgfmath@stack@operand=\toks24
\pgfmath@stack@operation=\toks25
) (C:\Users\alejo\AppData\Local\Programs\MiKTeX\tex/generic/pgf/math\pgfmathfunctions.code.tex) (C:\Users\alejo\AppData\Local\Programs\MiKTeX\tex/generic/pgf/math\pgfmathfunctions.basic.code.tex) (C:\Users\alejo\AppData\Local\Programs\MiKTeX\tex/generic/pgf/math\pgfmathfunctions.trigonometric.code.tex) (C:\Users\alejo\AppData\Local\Programs\MiKTeX\tex/generic/pgf/math\pgfmathfunctions.random.code.tex) (C:\Users\alejo\AppData\Local\Programs\MiKTeX\tex/generic/pgf/math\pgfmathfunctions.comparison.code.tex) (C:\Users\alejo\AppData\Local\Programs\MiKTeX\tex/generic/pgf/math\pgfmathfunctions.base.code.tex) (C:\Users\alejo\AppData\Local\Programs\MiKTeX\tex/generic/pgf/math\pgfmathfunctions.round.code.tex) (C:\Users\alejo\AppData\Local\Programs\MiKTeX\tex/generic/pgf/math\pgfmathfunctions.misc.code.tex) (C:\Users\alejo\AppData\Local\Programs\MiKTeX\tex/generic/pgf/math\pgfmathfunctions.integerarithmetics.code.tex) (C:\Users\alejo\AppData\Local\Programs\MiKTeX\tex/generic/pgf/math\pgfmathcalc.code.tex) (C:\Users\alejo\AppData\Local\Programs\MiKTeX\tex/generic/pgf/math\pgfmathfloat.code.tex
\c@pgfmathroundto@lastzeros=\count289
))) (C:\Users\alejo\AppData\Local\Programs\MiKTeX\tex/latex/base\size11.clo
File: size11.clo 2023/05/17 v1.4n Standard LaTeX file (size option)
) (C:\Users\alejo\AppData\Local\Programs\MiKTeX\tex/latex/pgf/basiclayer\pgfcore.sty (C:\Users\alejo\AppData\Local\Programs\MiKTeX\tex/latex/graphics\graphicx.sty
Package: graphicx 2021/09/16 v1.2d Enhanced LaTeX Graphics (DPC,SPQR)
 (C:\Users\alejo\AppData\Local\Programs\MiKTeX\tex/latex/graphics\graphics.sty
Package: graphics 2022/03/10 v1.4e Standard LaTeX Graphics (DPC,SPQR)
 (C:\Users\alejo\AppData\Local\Programs\MiKTeX\tex/latex/graphics\trig.sty
Package: trig 2021/08/11 v1.11 sin cos tan (DPC)
) (C:\Users\alejo\AppData\Local\Programs\MiKTeX\tex/latex/graphics-cfg\graphics.cfg
File: graphics.cfg 2016/06/04 v1.11 sample graphics configuration
)
Package graphics Info: Driver file: pdftex.def on input line 107.
 (C:\Users\alejo\AppData\Local\Programs\MiKTeX\tex/latex/graphics-def\pdftex.def
File: pdftex.def 2024/04/13 v1.2c Graphics/color driver for pdftex
))
\Gin@req@height=\dimen175
\Gin@req@width=\dimen176
) (C:\Users\alejo\AppData\Local\Programs\MiKTeX\tex/latex/pgf/systemlayer\pgfsys.sty (C:\Users\alejo\AppData\Local\Programs\MiKTeX\tex/generic/pgf/systemlayer\pgfsys.code.tex
Package: pgfsys 2023-01-15 v3.1.10 (3.1.10)
\pgf@x=\dimen177
\pgf@y=\dimen178
\pgf@xa=\dimen179
\pgf@ya=\dimen180
\pgf@xb=\dimen181
\pgf@yb=\dimen182
\pgf@xc=\dimen183
\pgf@yc=\dimen184
\pgf@xd=\dimen185
\pgf@yd=\dimen186
\w@pgf@writea=\write3
\r@pgf@reada=\read2
\c@pgf@counta=\count290
\c@pgf@countb=\count291
\c@pgf@countc=\count292
\c@pgf@countd=\count293
\t@pgf@toka=\toks26
\t@pgf@tokb=\toks27
\t@pgf@tokc=\toks28
\pgf@sys@id@count=\count294
 (C:\Users\alejo\AppData\Local\Programs\MiKTeX\tex/generic/pgf/systemlayer\pgf.cfg
File: pgf.cfg 2023-01-15 v3.1.10 (3.1.10)
)
Driver file for pgf: pgfsys-pdftex.def
 (C:\Users\alejo\AppData\Local\Programs\MiKTeX\tex/generic/pgf/systemlayer\pgfsys-pdftex.def
File: pgfsys-pdftex.def 2023-01-15 v3.1.10 (3.1.10)
 (C:\Users\alejo\AppData\Local\Programs\MiKTeX\tex/generic/pgf/systemlayer\pgfsys-common-pdf.def
File: pgfsys-common-pdf.def 2023-01-15 v3.1.10 (3.1.10)
))) (C:\Users\alejo\AppData\Local\Programs\MiKTeX\tex/generic/pgf/systemlayer\pgfsyssoftpath.code.tex
File: pgfsyssoftpath.code.tex 2023-01-15 v3.1.10 (3.1.10)
\pgfsyssoftpath@smallbuffer@items=\count295
\pgfsyssoftpath@bigbuffer@items=\count296
) (C:\Users\alejo\AppData\Local\Programs\MiKTeX\tex/generic/pgf/systemlayer\pgfsysprotocol.code.tex
File: pgfsysprotocol.code.tex 2023-01-15 v3.1.10 (3.1.10)
)) (C:\Users\alejo\AppData\Local\Programs\MiKTeX\tex/latex/xcolor\xcolor.sty
Package: xcolor 2023/11/15 v3.01 LaTeX color extensions (UK)
 (C:\Users\alejo\AppData\Local\Programs\MiKTeX\tex/latex/graphics-cfg\color.cfg
File: color.cfg 2016/01/02 v1.6 sample color configuration
)
Package xcolor Info: Driver file: pdftex.def on input line 274.
 (C:\Users\alejo\AppData\Local\Programs\MiKTeX\tex/latex/graphics\mathcolor.ltx)
Package xcolor Info: Model `cmy' substituted by `cmy0' on input line 1350.
Package xcolor Info: Model `hsb' substituted by `rgb' on input line 1354.
Package xcolor Info: Model `RGB' extended on input line 1366.
Package xcolor Info: Model `HTML' substituted by `rgb' on input line 1368.
Package xcolor Info: Model `Hsb' substituted by `hsb' on input line 1369.
Package xcolor Info: Model `tHsb' substituted by `hsb' on input line 1370.
Package xcolor Info: Model `HSB' substituted by `hsb' on input line 1371.
Package xcolor Info: Model `Gray' substituted by `gray' on input line 1372.
Package xcolor Info: Model `wave' substituted by `hsb' on input line 1373.
) (C:\Users\alejo\AppData\Local\Programs\MiKTeX\tex/generic/pgf/basiclayer\pgfcore.code.tex
Package: pgfcore 2023-01-15 v3.1.10 (3.1.10)
 (C:\Users\alejo\AppData\Local\Programs\MiKTeX\tex/generic/pgf/math\pgfint.code.tex) (C:\Users\alejo\AppData\Local\Programs\MiKTeX\tex/generic/pgf/basiclayer\pgfcorepoints.code.tex
File: pgfcorepoints.code.tex 2023-01-15 v3.1.10 (3.1.10)
\pgf@picminx=\dimen187
\pgf@picmaxx=\dimen188
\pgf@picminy=\dimen189
\pgf@picmaxy=\dimen190
\pgf@pathminx=\dimen191
\pgf@pathmaxx=\dimen192
\pgf@pathminy=\dimen193
\pgf@pathmaxy=\dimen194
\pgf@xx=\dimen195
\pgf@xy=\dimen196
\pgf@yx=\dimen197
\pgf@yy=\dimen198
\pgf@zx=\dimen199
\pgf@zy=\dimen256
) (C:\Users\alejo\AppData\Local\Programs\MiKTeX\tex/generic/pgf/basiclayer\pgfcorepathconstruct.code.tex
File: pgfcorepathconstruct.code.tex 2023-01-15 v3.1.10 (3.1.10)
\pgf@path@lastx=\dimen257
\pgf@path@lasty=\dimen258
) (C:\Users\alejo\AppData\Local\Programs\MiKTeX\tex/generic/pgf/basiclayer\pgfcorepathusage.code.tex
File: pgfcorepathusage.code.tex 2023-01-15 v3.1.10 (3.1.10)
\pgf@shorten@end@additional=\dimen259
\pgf@shorten@start@additional=\dimen260
) (C:\Users\alejo\AppData\Local\Programs\MiKTeX\tex/generic/pgf/basiclayer\pgfcorescopes.code.tex
File: pgfcorescopes.code.tex 2023-01-15 v3.1.10 (3.1.10)
\pgfpic=\box62
\pgf@hbox=\box63
\pgf@layerbox@main=\box64
\pgf@picture@serial@count=\count297
) (C:\Users\alejo\AppData\Local\Programs\MiKTeX\tex/generic/pgf/basiclayer\pgfcoregraphicstate.code.tex
File: pgfcoregraphicstate.code.tex 2023-01-15 v3.1.10 (3.1.10)
\pgflinewidth=\dimen261
) (C:\Users\alejo\AppData\Local\Programs\MiKTeX\tex/generic/pgf/basiclayer\pgfcoretransformations.code.tex
File: pgfcoretransformations.code.tex 2023-01-15 v3.1.10 (3.1.10)
\pgf@pt@x=\dimen262
\pgf@pt@y=\dimen263
\pgf@pt@temp=\dimen264
) (C:\Users\alejo\AppData\Local\Programs\MiKTeX\tex/generic/pgf/basiclayer\pgfcorequick.code.tex
File: pgfcorequick.code.tex 2023-01-15 v3.1.10 (3.1.10)
) (C:\Users\alejo\AppData\Local\Programs\MiKTeX\tex/generic/pgf/basiclayer\pgfcoreobjects.code.tex
File: pgfcoreobjects.code.tex 2023-01-15 v3.1.10 (3.1.10)
) (C:\Users\alejo\AppData\Local\Programs\MiKTeX\tex/generic/pgf/basiclayer\pgfcorepathprocessing.code.tex
File: pgfcorepathprocessing.code.tex 2023-01-15 v3.1.10 (3.1.10)
) (C:\Users\alejo\AppData\Local\Programs\MiKTeX\tex/generic/pgf/basiclayer\pgfcorearrows.code.tex
File: pgfcorearrows.code.tex 2023-01-15 v3.1.10 (3.1.10)
\pgfarrowsep=\dimen265
) (C:\Users\alejo\AppData\Local\Programs\MiKTeX\tex/generic/pgf/basiclayer\pgfcoreshade.code.tex
File: pgfcoreshade.code.tex 2023-01-15 v3.1.10 (3.1.10)
\pgf@max=\dimen266
\pgf@sys@shading@range@num=\count298
\pgf@shadingcount=\count299
) (C:\Users\alejo\AppData\Local\Programs\MiKTeX\tex/generic/pgf/basiclayer\pgfcoreimage.code.tex
File: pgfcoreimage.code.tex 2023-01-15 v3.1.10 (3.1.10)
) (C:\Users\alejo\AppData\Local\Programs\MiKTeX\tex/generic/pgf/basiclayer\pgfcoreexternal.code.tex
File: pgfcoreexternal.code.tex 2023-01-15 v3.1.10 (3.1.10)
\pgfexternal@startupbox=\box65
) (C:\Users\alejo\AppData\Local\Programs\MiKTeX\tex/generic/pgf/basiclayer\pgfcorelayers.code.tex
File: pgfcorelayers.code.tex 2023-01-15 v3.1.10 (3.1.10)
) (C:\Users\alejo\AppData\Local\Programs\MiKTeX\tex/generic/pgf/basiclayer\pgfcoretransparency.code.tex
File: pgfcoretransparency.code.tex 2023-01-15 v3.1.10 (3.1.10)
) (C:\Users\alejo\AppData\Local\Programs\MiKTeX\tex/generic/pgf/basiclayer\pgfcorepatterns.code.tex
File: pgfcorepatterns.code.tex 2023-01-15 v3.1.10 (3.1.10)
) (C:\Users\alejo\AppData\Local\Programs\MiKTeX\tex/generic/pgf/basiclayer\pgfcorerdf.code.tex
File: pgfcorerdf.code.tex 2023-01-15 v3.1.10 (3.1.10)
))) (C:\Users\alejo\AppData\Local\Programs\MiKTeX\tex/latex/pgf/utilities\xxcolor.sty
Package: xxcolor 2003/10/24 ver 0.1
\XC@nummixins=\count300
\XC@countmixins=\count301
) (C:\Users\alejo\AppData\Local\Programs\MiKTeX\tex/latex/base\atbegshi-ltx.sty
Package: atbegshi-ltx 2021/01/10 v1.0c Emulation of the original atbegshi
package with kernel methods
) (C:\Users\alejo\AppData\Local\Programs\MiKTeX\tex/latex/hyperref\hyperref.sty
Package: hyperref 2024-01-20 v7.01h Hypertext links for LaTeX
 (C:\Users\alejo\AppData\Local\Programs\MiKTeX\tex/latex/kvsetkeys\kvsetkeys.sty
Package: kvsetkeys 2022-10-05 v1.19 Key value parser (HO)
) (C:\Users\alejo\AppData\Local\Programs\MiKTeX\tex/generic/kvdefinekeys\kvdefinekeys.sty
Package: kvdefinekeys 2019-12-19 v1.6 Define keys (HO)
) (C:\Users\alejo\AppData\Local\Programs\MiKTeX\tex/generic/pdfescape\pdfescape.sty
Package: pdfescape 2019/12/09 v1.15 Implements pdfTeX's escape features (HO)
 (C:\Users\alejo\AppData\Local\Programs\MiKTeX\tex/generic/ltxcmds\ltxcmds.sty
Package: ltxcmds 2023-12-04 v1.26 LaTeX kernel commands for general use (HO)
) (C:\Users\alejo\AppData\Local\Programs\MiKTeX\tex/generic/pdftexcmds\pdftexcmds.sty
Package: pdftexcmds 2020-06-27 v0.33 Utility functions of pdfTeX for LuaTeX (HO)
 (C:\Users\alejo\AppData\Local\Programs\MiKTeX\tex/generic/infwarerr\infwarerr.sty
Package: infwarerr 2019/12/03 v1.5 Providing info/warning/error messages (HO)
)
Package pdftexcmds Info: \pdf@primitive is available.
Package pdftexcmds Info: \pdf@ifprimitive is available.
Package pdftexcmds Info: \pdfdraftmode found.
)) (C:\Users\alejo\AppData\Local\Programs\MiKTeX\tex/latex/hycolor\hycolor.sty
Package: hycolor 2020-01-27 v1.10 Color options for hyperref/bookmark (HO)
) (C:\Users\alejo\AppData\Local\Programs\MiKTeX\tex/latex/auxhook\auxhook.sty
Package: auxhook 2019-12-17 v1.6 Hooks for auxiliary files (HO)
) (C:\Users\alejo\AppData\Local\Programs\MiKTeX\tex/latex/hyperref\nameref.sty
Package: nameref 2023-11-26 v2.56 Cross-referencing by name of section
 (C:\Users\alejo\AppData\Local\Programs\MiKTeX\tex/latex/refcount\refcount.sty
Package: refcount 2019/12/15 v3.6 Data extraction from label references (HO)
) (C:\Users\alejo\AppData\Local\Programs\MiKTeX\tex/generic/gettitlestring\gettitlestring.sty
Package: gettitlestring 2019/12/15 v1.6 Cleanup title references (HO)
 (C:\Users\alejo\AppData\Local\Programs\MiKTeX\tex/latex/kvoptions\kvoptions.sty
Package: kvoptions 2022-06-15 v3.15 Key value format for package options (HO)
))
\c@section@level=\count302
)
\@linkdim=\dimen267
\Hy@linkcounter=\count303
\Hy@pagecounter=\count304
 (C:\Users\alejo\AppData\Local\Programs\MiKTeX\tex/latex/hyperref\pd1enc.def
File: pd1enc.def 2024-01-20 v7.01h Hyperref: PDFDocEncoding definition (HO)
Now handling font encoding PD1 ...
... no UTF-8 mapping file for font encoding PD1
) (C:\Users\alejo\AppData\Local\Programs\MiKTeX\tex/generic/intcalc\intcalc.sty
Package: intcalc 2019/12/15 v1.3 Expandable calculations with integers (HO)
)
\Hy@SavedSpaceFactor=\count305
 (C:\Users\alejo\AppData\Local\Programs\MiKTeX\tex/latex/hyperref\puenc.def
File: puenc.def 2024-01-20 v7.01h Hyperref: PDF Unicode definition (HO)
Now handling font encoding PU ...
... no UTF-8 mapping file for font encoding PU
)
Package hyperref Info: Option `bookmarks' set `true' on input line 4062.
Package hyperref Info: Option `bookmarksopen' set `true' on input line 4062.
Package hyperref Info: Option `implicit' set `false' on input line 4062.
Package hyperref Info: Hyper figures OFF on input line 4179.
Package hyperref Info: Link nesting OFF on input line 4184.
Package hyperref Info: Hyper index ON on input line 4187.
Package hyperref Info: Plain pages OFF on input line 4194.
Package hyperref Info: Backreferencing OFF on input line 4199.
Package hyperref Info: Implicit mode OFF; no redefinition of LaTeX internals.
Package hyperref Info: Bookmarks ON on input line 4446.
\c@Hy@tempcnt=\count306
 (C:\Users\alejo\AppData\Local\Programs\MiKTeX\tex/latex/url\url.sty
\Urlmuskip=\muskip16
Package: url 2013/09/16  ver 3.4  Verb mode for urls, etc.
)
LaTeX Info: Redefining \url on input line 4784.
\XeTeXLinkMargin=\dimen268
 (C:\Users\alejo\AppData\Local\Programs\MiKTeX\tex/generic/bitset\bitset.sty
Package: bitset 2019/12/09 v1.3 Handle bit-vector datatype (HO)
 (C:\Users\alejo\AppData\Local\Programs\MiKTeX\tex/generic/bigintcalc\bigintcalc.sty
Package: bigintcalc 2019/12/15 v1.5 Expandable calculations on big integers (HO)
))
\Fld@menulength=\count307
\Field@Width=\dimen269
\Fld@charsize=\dimen270
Package hyperref Info: Hyper figures OFF on input line 6063.
Package hyperref Info: Link nesting OFF on input line 6068.
Package hyperref Info: Hyper index ON on input line 6071.
Package hyperref Info: backreferencing OFF on input line 6078.
Package hyperref Info: Link coloring OFF on input line 6083.
Package hyperref Info: Link coloring with OCG OFF on input line 6088.
Package hyperref Info: PDF/A mode OFF on input line 6093.
\Hy@abspage=\count308


Package hyperref Message: Stopped early.

)
Package hyperref Info: Driver (autodetected): hpdftex.
 (C:\Users\alejo\AppData\Local\Programs\MiKTeX\tex/latex/hyperref\hpdftex.def
File: hpdftex.def 2024-01-20 v7.01h Hyperref driver for pdfTeX
 (C:\Users\alejo\AppData\Local\Programs\MiKTeX\tex/latex/base\atveryend-ltx.sty
Package: atveryend-ltx 2020/08/19 v1.0a Emulation of the original atveryend package
with kernel methods
)
\Fld@listcount=\count309
\c@bookmark@seq@number=\count310
 (C:\Users\alejo\AppData\Local\Programs\MiKTeX\tex/latex/rerunfilecheck\rerunfilecheck.sty
Package: rerunfilecheck 2022-07-10 v1.10 Rerun checks for auxiliary files (HO)
 (C:\Users\alejo\AppData\Local\Programs\MiKTeX\tex/generic/uniquecounter\uniquecounter.sty
Package: uniquecounter 2019/12/15 v1.4 Provide unlimited unique counter (HO)
)
Package uniquecounter Info: New unique counter `rerunfilecheck' on input line 285.
)) (C:\Users\alejo\AppData\Local\Programs\MiKTeX\tex/latex/beamer\beamerbaserequires.sty (C:\Users\alejo\AppData\Local\Programs\MiKTeX\tex/latex/beamer\beamerbasecompatibility.sty) (C:\Users\alejo\AppData\Local\Programs\MiKTeX\tex/latex/beamer\beamerbasefont.sty (C:\Users\alejo\AppData\Local\Programs\MiKTeX\tex/latex/amsfonts\amssymb.sty
Package: amssymb 2013/01/14 v3.01 AMS font symbols
 (C:\Users\alejo\AppData\Local\Programs\MiKTeX\tex/latex/amsfonts\amsfonts.sty
Package: amsfonts 2013/01/14 v3.01 Basic AMSFonts support
\@emptytoks=\toks29
\symAMSa=\mathgroup4
\symAMSb=\mathgroup5
LaTeX Font Info:    Redeclaring math symbol \hbar on input line 98.
LaTeX Font Info:    Overwriting math alphabet `\mathfrak' in version `bold'
(Font)                  U/euf/m/n --> U/euf/b/n on input line 106.
)) (C:\Users\alejo\AppData\Local\Programs\MiKTeX\tex/latex/sansmathaccent\sansmathaccent.sty
Package: sansmathaccent 2020/01/31
 (C:\Users\alejo\AppData\Local\Programs\MiKTeX\tex/latex/koma-script\scrlfile.sty
Package: scrlfile 2023/07/07 v3.41 KOMA-Script package (file load hooks)
 (C:\Users\alejo\AppData\Local\Programs\MiKTeX\tex/latex/koma-script\scrlfile-hook.sty
Package: scrlfile-hook 2023/07/07 v3.41 KOMA-Script package (using LaTeX hooks)
 (C:\Users\alejo\AppData\Local\Programs\MiKTeX\tex/latex/koma-script\scrlogo.sty
Package: scrlogo 2023/07/07 v3.41 KOMA-Script package (logo)
))))) (C:\Users\alejo\AppData\Local\Programs\MiKTeX\tex/latex/beamer\beamerbasetranslator.sty (C:\Users\alejo\AppData\Local\Programs\MiKTeX\tex/latex/translator\translator.sty
Package: translator 2021-05-31 v1.12d Easy translation of strings in LaTeX
)) (C:\Users\alejo\AppData\Local\Programs\MiKTeX\tex/latex/beamer\beamerbasemisc.sty) (C:\Users\alejo\AppData\Local\Programs\MiKTeX\tex/latex/beamer\beamerbasetwoscreens.sty) (C:\Users\alejo\AppData\Local\Programs\MiKTeX\tex/latex/beamer\beamerbaseoverlay.sty
\beamer@argscount=\count311
\beamer@lastskipcover=\skip51
\beamer@trivlistdepth=\count312
) (C:\Users\alejo\AppData\Local\Programs\MiKTeX\tex/latex/beamer\beamerbasetitle.sty) (C:\Users\alejo\AppData\Local\Programs\MiKTeX\tex/latex/beamer\beamerbasesection.sty
\c@lecture=\count313
\c@part=\count314
\c@section=\count315
\c@subsection=\count316
\c@subsubsection=\count317
) (C:\Users\alejo\AppData\Local\Programs\MiKTeX\tex/latex/beamer\beamerbaseframe.sty
\beamer@framebox=\box66
\beamer@frametitlebox=\box67
\beamer@zoombox=\box68
\beamer@zoomcount=\count318
\beamer@zoomframecount=\count319
\beamer@frametextheight=\dimen271
\c@subsectionslide=\count320
\beamer@frametopskip=\skip52
\beamer@framebottomskip=\skip53
\beamer@frametopskipautobreak=\skip54
\beamer@framebottomskipautobreak=\skip55
\beamer@envbody=\toks30
\framewidth=\dimen272
\c@framenumber=\count321
) (C:\Users\alejo\AppData\Local\Programs\MiKTeX\tex/latex/beamer\beamerbaseverbatim.sty
\beamer@verbatimfileout=\write4
) (C:\Users\alejo\AppData\Local\Programs\MiKTeX\tex/latex/beamer\beamerbaseframesize.sty
\beamer@splitbox=\box69
\beamer@autobreakcount=\count322
\beamer@autobreaklastheight=\dimen273
\beamer@frametitletoks=\toks31
\beamer@framesubtitletoks=\toks32
) (C:\Users\alejo\AppData\Local\Programs\MiKTeX\tex/latex/beamer\beamerbaseframecomponents.sty
\beamer@footins=\box70
) (C:\Users\alejo\AppData\Local\Programs\MiKTeX\tex/latex/beamer\beamerbasecolor.sty) (C:\Users\alejo\AppData\Local\Programs\MiKTeX\tex/latex/beamer\beamerbasenotes.sty
\beamer@frameboxcopy=\box71
) (C:\Users\alejo\AppData\Local\Programs\MiKTeX\tex/latex/beamer\beamerbasetoc.sty) (C:\Users\alejo\AppData\Local\Programs\MiKTeX\tex/latex/beamer\beamerbasetemplates.sty
\beamer@sbttoks=\toks33
 (C:\Users\alejo\AppData\Local\Programs\MiKTeX\tex/latex/beamer\beamerbaseauxtemplates.sty (C:\Users\alejo\AppData\Local\Programs\MiKTeX\tex/latex/beamer\beamerbaseboxes.sty
\bmb@box=\box72
\bmb@colorbox=\box73
\bmb@boxwidth=\dimen274
\bmb@boxheight=\dimen275
\bmb@prevheight=\dimen276
\bmb@temp=\dimen277
\bmb@dima=\dimen278
\bmb@dimb=\dimen279
\bmb@prevheight=\dimen280
)
\beamer@blockheadheight=\dimen281
)) (C:\Users\alejo\AppData\Local\Programs\MiKTeX\tex/latex/beamer\beamerbaselocalstructure.sty (C:\Users\alejo\AppData\Local\Programs\MiKTeX\tex/latex/tools\enumerate.sty
Package: enumerate 2023/07/04 v3.00 enumerate extensions (DPC)
\@enLab=\toks34
)
\beamer@bibiconwidth=\skip56
\c@figure=\count323
\c@table=\count324
\abovecaptionskip=\skip57
\belowcaptionskip=\skip58
) (C:\Users\alejo\AppData\Local\Programs\MiKTeX\tex/latex/beamer\beamerbasenavigation.sty (C:\Users\alejo\AppData\Local\Programs\MiKTeX\tex/latex/beamer\beamerbasenavigationsymbols.tex)
\beamer@section@min@dim=\dimen282
) (C:\Users\alejo\AppData\Local\Programs\MiKTeX\tex/latex/beamer\beamerbasetheorems.sty (C:\Users\alejo\AppData\Local\Programs\MiKTeX\tex/latex/amsmath\amsmath.sty
Package: amsmath 2023/05/13 v2.17o AMS math features
\@mathmargin=\skip59

For additional information on amsmath, use the `?' option.
(C:\Users\alejo\AppData\Local\Programs\MiKTeX\tex/latex/amsmath\amstext.sty
Package: amstext 2021/08/26 v2.01 AMS text
 (C:\Users\alejo\AppData\Local\Programs\MiKTeX\tex/latex/amsmath\amsgen.sty
File: amsgen.sty 1999/11/30 v2.0 generic functions
\@emptytoks=\toks35
\ex@=\dimen283
)) (C:\Users\alejo\AppData\Local\Programs\MiKTeX\tex/latex/amsmath\amsbsy.sty
Package: amsbsy 1999/11/29 v1.2d Bold Symbols
\pmbraise@=\dimen284
) (C:\Users\alejo\AppData\Local\Programs\MiKTeX\tex/latex/amsmath\amsopn.sty
Package: amsopn 2022/04/08 v2.04 operator names
)
\inf@bad=\count325
LaTeX Info: Redefining \frac on input line 234.
\uproot@=\count326
\leftroot@=\count327
LaTeX Info: Redefining \overline on input line 399.
LaTeX Info: Redefining \colon on input line 410.
\classnum@=\count328
\DOTSCASE@=\count329
LaTeX Info: Redefining \ldots on input line 496.
LaTeX Info: Redefining \dots on input line 499.
LaTeX Info: Redefining \cdots on input line 620.
\Mathstrutbox@=\box74
\strutbox@=\box75
LaTeX Info: Redefining \big on input line 722.
LaTeX Info: Redefining \Big on input line 723.
LaTeX Info: Redefining \bigg on input line 724.
LaTeX Info: Redefining \Bigg on input line 725.
\big@size=\dimen285
LaTeX Font Info:    Redeclaring font encoding OML on input line 743.
LaTeX Font Info:    Redeclaring font encoding OMS on input line 744.
\macc@depth=\count330
LaTeX Info: Redefining \bmod on input line 905.
LaTeX Info: Redefining \pmod on input line 910.
LaTeX Info: Redefining \smash on input line 940.
LaTeX Info: Redefining \relbar on input line 970.
LaTeX Info: Redefining \Relbar on input line 971.
\c@MaxMatrixCols=\count331
\dotsspace@=\muskip17
\c@parentequation=\count332
\dspbrk@lvl=\count333
\tag@help=\toks36
\row@=\count334
\column@=\count335
\maxfields@=\count336
\andhelp@=\toks37
\eqnshift@=\dimen286
\alignsep@=\dimen287
\tagshift@=\dimen288
\tagwidth@=\dimen289
\totwidth@=\dimen290
\lineht@=\dimen291
\@envbody=\toks38
\multlinegap=\skip60
\multlinetaggap=\skip61
\mathdisplay@stack=\toks39
LaTeX Info: Redefining \[ on input line 2953.
LaTeX Info: Redefining \] on input line 2954.
) (C:\Users\alejo\AppData\Local\Programs\MiKTeX\tex/latex/amscls\amsthm.sty
Package: amsthm 2020/05/29 v2.20.6
\thm@style=\toks40
\thm@bodyfont=\toks41
\thm@headfont=\toks42
\thm@notefont=\toks43
\thm@headpunct=\toks44
\thm@preskip=\skip62
\thm@postskip=\skip63
\thm@headsep=\skip64
\dth@everypar=\toks45
)
\c@theorem=\count337
) (C:\Users\alejo\AppData\Local\Programs\MiKTeX\tex/latex/beamer\beamerbasethemes.sty)) (C:\Users\alejo\AppData\Local\Programs\MiKTeX\tex/latex/beamer\beamerthemedefault.sty (C:\Users\alejo\AppData\Local\Programs\MiKTeX\tex/latex/beamer\beamerfontthemedefault.sty) (C:\Users\alejo\AppData\Local\Programs\MiKTeX\tex/latex/beamer\beamercolorthemedefault.sty) (C:\Users\alejo\AppData\Local\Programs\MiKTeX\tex/latex/beamer\beamerinnerthemedefault.sty
\beamer@dima=\dimen292
\beamer@dimb=\dimen293
) (C:\Users\alejo\AppData\Local\Programs\MiKTeX\tex/latex/beamer\beamerouterthemedefault.sty))) (C:\Users\alejo\AppData\Local\Programs\MiKTeX\tex/latex/lm\lmodern.sty
Package: lmodern 2015/05/01 v1.6.1 Latin Modern Fonts
LaTeX Font Info:    Overwriting symbol font `operators' in version `normal'
(Font)                  OT1/cmr/m/n --> OT1/lmr/m/n on input line 22.
LaTeX Font Info:    Overwriting symbol font `letters' in version `normal'
(Font)                  OML/cmm/m/it --> OML/lmm/m/it on input line 23.
LaTeX Font Info:    Overwriting symbol font `symbols' in version `normal'
(Font)                  OMS/cmsy/m/n --> OMS/lmsy/m/n on input line 24.
LaTeX Font Info:    Overwriting symbol font `largesymbols' in version `normal'
(Font)                  OMX/cmex/m/n --> OMX/lmex/m/n on input line 25.
LaTeX Font Info:    Overwriting symbol font `operators' in version `bold'
(Font)                  OT1/cmr/bx/n --> OT1/lmr/bx/n on input line 26.
LaTeX Font Info:    Overwriting symbol font `letters' in version `bold'
(Font)                  OML/cmm/b/it --> OML/lmm/b/it on input line 27.
LaTeX Font Info:    Overwriting symbol font `symbols' in version `bold'
(Font)                  OMS/cmsy/b/n --> OMS/lmsy/b/n on input line 28.
LaTeX Font Info:    Overwriting symbol font `largesymbols' in version `bold'
(Font)                  OMX/cmex/m/n --> OMX/lmex/m/n on input line 29.
LaTeX Font Info:    Overwriting math alphabet `\mathbf' in version `normal'
(Font)                  OT1/cmr/bx/n --> OT1/lmr/bx/n on input line 31.
LaTeX Font Info:    Overwriting math alphabet `\mathsf' in version `normal'
(Font)                  OT1/cmss/m/n --> OT1/lmss/m/n on input line 32.
LaTeX Font Info:    Overwriting math alphabet `\mathit' in version `normal'
(Font)                  OT1/cmr/m/it --> OT1/lmr/m/it on input line 33.
LaTeX Font Info:    Overwriting math alphabet `\mathtt' in version `normal'
(Font)                  OT1/cmtt/m/n --> OT1/lmtt/m/n on input line 34.
LaTeX Font Info:    Overwriting math alphabet `\mathbf' in version `bold'
(Font)                  OT1/cmr/bx/n --> OT1/lmr/bx/n on input line 35.
LaTeX Font Info:    Overwriting math alphabet `\mathsf' in version `bold'
(Font)                  OT1/cmss/bx/n --> OT1/lmss/bx/n on input line 36.
LaTeX Font Info:    Overwriting math alphabet `\mathit' in version `bold'
(Font)                  OT1/cmr/bx/it --> OT1/lmr/bx/it on input line 37.
LaTeX Font Info:    Overwriting math alphabet `\mathtt' in version `bold'
(Font)                  OT1/cmtt/m/n --> OT1/lmtt/m/n on input line 38.
) (C:\Users\alejo\AppData\Local\Programs\MiKTeX\tex/latex/beamer\beamerfontthemeserif.sty) (C:\Users\alejo\AppData\Local\Programs\MiKTeX\tex/latex/beamer\beamerthemeMadrid.sty (C:\Users\alejo\AppData\Local\Programs\MiKTeX\tex/latex/beamer\beamercolorthemewhale.sty) (C:\Users\alejo\AppData\Local\Programs\MiKTeX\tex/latex/beamer\beamercolorthemeorchid.sty) (C:\Users\alejo\AppData\Local\Programs\MiKTeX\tex/latex/beamer\beamerinnerthemerounded.sty) (C:\Users\alejo\AppData\Local\Programs\MiKTeX\tex/latex/beamer\beamerouterthemeinfolines.sty)) (C:\Users\alejo\AppData\Local\Programs\MiKTeX\tex/latex/standalone\standalone.sty
Package: standalone 2022/10/10 v1.3b Package to include TeX sub-files with preambles
 (C:\Users\alejo\AppData\Local\Programs\MiKTeX\tex/latex/tools\shellesc.sty
Package: shellesc 2023/07/08 v1.0d unified shell escape interface for LaTeX
Package shellesc Info: Restricted shell escape enabled on input line 77.
) (C:\Users\alejo\AppData\Local\Programs\MiKTeX\tex/latex/xkeyval\xkeyval.sty
Package: xkeyval 2022/06/16 v2.9 package option processing (HA)
 (C:\Users\alejo\AppData\Local\Programs\MiKTeX\tex/generic/xkeyval\xkeyval.tex (C:\Users\alejo\AppData\Local\Programs\MiKTeX\tex/generic/xkeyval\xkvutils.tex
\XKV@toks=\toks46
\XKV@tempa@toks=\toks47
)
\XKV@depth=\count338
File: xkeyval.tex 2014/12/03 v2.7a key=value parser (HA)
)) (C:\Users\alejo\AppData\Local\Programs\MiKTeX\tex/latex/currfile\currfile.sty
Package: currfile 2024/03/14 v1.0 Provides the file path elements of the current input file
 (C:\Users\alejo\AppData\Local\Programs\MiKTeX\tex/latex/filehook\filehook.sty
Package: filehook 2022/10/25 v0.8b Hooks for input files
 (C:\Users\alejo\AppData\Local\Programs\MiKTeX\tex/latex/filehook\filehook-2020.sty
Package: filehook-2020 2022/10/25 v0.8b Hooks for input files
))
\c@currfiledepth=\count339
) (C:\Users\alejo\AppData\Local\Programs\MiKTeX\tex/latex/gincltex\gincltex.sty (C:\Users\alejo\AppData\Local\Programs\MiKTeX\tex/latex/svn-prov\svn-prov.sty
Package: svn-prov 2010/04/24 v3.1862 Package Date/Version from SVN Keywords
)
Package: gincltex 2011/09/04 v0.3 Include external LaTeX files like graphics
 (C:\Users\alejo\AppData\Local\Programs\MiKTeX\tex/latex/adjustbox\adjustbox.sty
Package: adjustbox 2022/10/17 v1.3a Adjusting TeX boxes (trim, clip, ...)
 (C:\Users\alejo\AppData\Local\Programs\MiKTeX\tex/latex/adjustbox\adjcalc.sty
Package: adjcalc 2012/05/16 v1.1 Provides advanced setlength with multiple back-ends (calc, etex, pgfmath)
) (C:\Users\alejo\AppData\Local\Programs\MiKTeX\tex/latex/adjustbox\trimclip.sty
Package: trimclip 2020/08/19 v1.2 Trim and clip general TeX material
 (C:\Users\alejo\AppData\Local\Programs\MiKTeX\tex/latex/collectbox\collectbox.sty
Package: collectbox 2022/10/17 v0.4c Collect macro arguments as boxes
\collectedbox=\box76
)
\tc@llx=\dimen294
\tc@lly=\dimen295
\tc@urx=\dimen296
\tc@ury=\dimen297
Package trimclip Info: Using driver 'tc-pdftex.def'.
 (C:\Users\alejo\AppData\Local\Programs\MiKTeX\tex/latex/adjustbox\tc-pdftex.def
File: tc-pdftex.def 2019/01/04 v2.2 Clipping driver for pdftex
))
\adjbox@Width=\dimen298
\adjbox@Height=\dimen299
\adjbox@Depth=\dimen300
\adjbox@Totalheight=\dimen301
\adjbox@pwidth=\dimen302
\adjbox@pheight=\dimen303
\adjbox@pdepth=\dimen304
\adjbox@ptotalheight=\dimen305
 (C:\Users\alejo\AppData\Local\Programs\MiKTeX\tex/latex/ifoddpage\ifoddpage.sty
Package: ifoddpage 2022/10/18 v1.2 Conditionals for odd/even page detection
\c@checkoddpage=\count340
) (C:\Users\alejo\AppData\Local\Programs\MiKTeX\tex/latex/varwidth\varwidth.sty
Package: varwidth 2009/03/30 ver 0.92;  Variable-width minipages
\@vwid@box=\box77
\sift@deathcycles=\count341
\@vwid@loff=\dimen306
\@vwid@roff=\dimen307
))
\gincltex@box=\box78
) (C:\Users\alejo\AppData\Local\Programs\MiKTeX\tex/latex/filemod\filemod-expmin.sty
Package: filemod-expmin 2011/09/19 v1.2 Get and compare file modification times (expandable; minimal)
)) (C:\Users\alejo\AppData\Local\Programs\MiKTeX\tex/latex/textpos\textpos.sty
Package: textpos 2022/07/23 v1.10.1
Package textpos Info: choosing support for LaTeX3 on input line 60.
\TP@textbox=\box79
\TP@holdbox=\box80
\TPHorizModule=\dimen308
\TPVertModule=\dimen309
\TP@margin=\dimen310
\TP@absmargin=\dimen311

Grid set 16 x 16 = 22.7622pt x 17.07166pt
\TPboxrulesize=\dimen312
\TP@ox=\dimen313
\TP@oy=\dimen314
\TP@tbargs=\toks48
TextBlockOrigin set to 0pt x 0pt
) (C:\Users\alejo\AppData\Local\Programs\MiKTeX\tex/latex/base\inputenc.sty
Package: inputenc 2021/02/14 v1.3d Input encoding file
\inpenc@prehook=\toks49
\inpenc@posthook=\toks50
) (C:\Users\alejo\AppData\Local\Programs\MiKTeX\tex/generic/babel\babel.sty
Package: babel 2024/04/20 v24.4 The Babel package
\babel@savecnt=\count342
\U@D=\dimen315
\l@unhyphenated=\language79
 (C:\Users\alejo\AppData\Local\Programs\MiKTeX\tex/generic/babel\txtbabel.def)
\bbl@readstream=\read3
LaTeX Info: Redefining \textlatin on input line 3930.
\bbl@dirlevel=\count343

*************************************
* Local config file bblopts.cfg used
*
(C:\Users\alejo\AppData\Local\Programs\MiKTeX\tex/latex/arabi\bblopts.cfg
File: bblopts.cfg 2005/09/08 v0.1 add Arabic and Farsi to "declared" options of babel
) (C:\Users\alejo\AppData\Local\Programs\MiKTeX\tex/latex/babel-spanish\spanish.ldf
Language: spanish.ldf 2021/05/27 v5.0q Spanish support from the babel system
\es@quottoks=\toks51
\es@quotdepth=\count344
Package babel Info: Making " an active character on input line 570.
Package babel Info: Making . an active character on input line 675.
Package babel Info: Making < an active character on input line 722.
Package babel Info: Making > an active character on input line 722.
)) (C:\Users\alejo\AppData\Local\Programs\MiKTeX\tex/generic/babel/locale/es\babel-spanish.tex
Package babel Info: Importing font and identification data for spanish
(babel)             from babel-es.ini. Reported on input line 11.
) (C:\Users\alejo\AppData\Local\Programs\MiKTeX\tex/latex/pgf/frontendlayer\tikz.sty (C:\Users\alejo\AppData\Local\Programs\MiKTeX\tex/latex/pgf/basiclayer\pgf.sty
Package: pgf 2023-01-15 v3.1.10 (3.1.10)
 (C:\Users\alejo\AppData\Local\Programs\MiKTeX\tex/generic/pgf/modules\pgfmoduleshapes.code.tex
File: pgfmoduleshapes.code.tex 2023-01-15 v3.1.10 (3.1.10)
\pgfnodeparttextbox=\box81
) (C:\Users\alejo\AppData\Local\Programs\MiKTeX\tex/generic/pgf/modules\pgfmoduleplot.code.tex
File: pgfmoduleplot.code.tex 2023-01-15 v3.1.10 (3.1.10)
) (C:\Users\alejo\AppData\Local\Programs\MiKTeX\tex/latex/pgf/compatibility\pgfcomp-version-0-65.sty
Package: pgfcomp-version-0-65 2023-01-15 v3.1.10 (3.1.10)
\pgf@nodesepstart=\dimen316
\pgf@nodesepend=\dimen317
) (C:\Users\alejo\AppData\Local\Programs\MiKTeX\tex/latex/pgf/compatibility\pgfcomp-version-1-18.sty
Package: pgfcomp-version-1-18 2023-01-15 v3.1.10 (3.1.10)
)) (C:\Users\alejo\AppData\Local\Programs\MiKTeX\tex/latex/pgf/utilities\pgffor.sty (C:\Users\alejo\AppData\Local\Programs\MiKTeX\tex/generic/pgf/utilities\pgffor.code.tex
Package: pgffor 2023-01-15 v3.1.10 (3.1.10)
\pgffor@iter=\dimen318
\pgffor@skip=\dimen319
\pgffor@stack=\toks52
\pgffor@toks=\toks53
)) (C:\Users\alejo\AppData\Local\Programs\MiKTeX\tex/generic/pgf/frontendlayer/tikz\tikz.code.tex
Package: tikz 2023-01-15 v3.1.10 (3.1.10)
 (C:\Users\alejo\AppData\Local\Programs\MiKTeX\tex/generic/pgf/libraries\pgflibraryplothandlers.code.tex
File: pgflibraryplothandlers.code.tex 2023-01-15 v3.1.10 (3.1.10)
\pgf@plot@mark@count=\count345
\pgfplotmarksize=\dimen320
)
\tikz@lastx=\dimen321
\tikz@lasty=\dimen322
\tikz@lastxsaved=\dimen323
\tikz@lastysaved=\dimen324
\tikz@lastmovetox=\dimen325
\tikz@lastmovetoy=\dimen326
\tikzleveldistance=\dimen327
\tikzsiblingdistance=\dimen328
\tikz@figbox=\box82
\tikz@figbox@bg=\box83
\tikz@tempbox=\box84
\tikz@tempbox@bg=\box85
\tikztreelevel=\count346
\tikznumberofchildren=\count347
\tikznumberofcurrentchild=\count348
\tikz@fig@count=\count349
 (C:\Users\alejo\AppData\Local\Programs\MiKTeX\tex/generic/pgf/modules\pgfmodulematrix.code.tex
File: pgfmodulematrix.code.tex 2023-01-15 v3.1.10 (3.1.10)
\pgfmatrixcurrentrow=\count350
\pgfmatrixcurrentcolumn=\count351
\pgf@matrix@numberofcolumns=\count352
)
\tikz@expandcount=\count353
 (C:\Users\alejo\AppData\Local\Programs\MiKTeX\tex/generic/pgf/frontendlayer/tikz/libraries\tikzlibrarytopaths.code.tex
File: tikzlibrarytopaths.code.tex 2023-01-15 v3.1.10 (3.1.10)
))) (C:\Users\alejo\AppData\Local\Programs\MiKTeX\tex/latex/booktabs\booktabs.sty
Package: booktabs 2020/01/12 v1.61803398 Publication quality tables
\heavyrulewidth=\dimen329
\lightrulewidth=\dimen330
\cmidrulewidth=\dimen331
\belowrulesep=\dimen332
\belowbottomsep=\dimen333
\aboverulesep=\dimen334
\abovetopsep=\dimen335
\cmidrulesep=\dimen336
\cmidrulekern=\dimen337
\defaultaddspace=\dimen338
\@cmidla=\count354
\@cmidlb=\count355
\@aboverulesep=\dimen339
\@belowrulesep=\dimen340
\@thisruleclass=\count356
\@lastruleclass=\count357
\@thisrulewidth=\dimen341
) (C:\Users\alejo\AppData\Local\Programs\MiKTeX\tex/latex/caption\caption.sty
Package: caption 2023/08/05 v3.6o Customizing captions (AR)
 (C:\Users\alejo\AppData\Local\Programs\MiKTeX\tex/latex/caption\caption3.sty
Package: caption3 2023/07/31 v2.4d caption3 kernel (AR)
\caption@tempdima=\dimen342
\captionmargin=\dimen343
\caption@leftmargin=\dimen344
\caption@rightmargin=\dimen345
\caption@width=\dimen346
\caption@indent=\dimen347
\caption@parindent=\dimen348
\caption@hangindent=\dimen349
Package caption Info: beamer document class detected.
 (C:\Users\alejo\AppData\Local\Programs\MiKTeX\tex/latex/caption\caption-beamer.sto
File: caption-beamer.sto 2022/01/06 v2.0c Adaption of the caption package to the beamer document classes (AR)
))
\c@caption@flags=\count358
\c@continuedfloat=\count359
Package caption Info: hyperref package is loaded.
Package caption Info: Hyperref support is turned off
(caption)             because hyperref has stopped early.
) (C:\Users\alejo\AppData\Local\Programs\MiKTeX\tex/latex/sidecap\sidecap.sty
Package: sidecap 2023/01/24 v1.7a SideCap Package (RN/HjG)
 (C:\Users\alejo\AppData\Local\Programs\MiKTeX\tex/latex/base\ifthen.sty
Package: ifthen 2022/04/13 v1.1d Standard LaTeX ifthen package (DPC)
)
\SC@BOXWD=\dimen350
\SC@CAPWD=\dimen351
\SC@tempdima=\dimen352
\SC@tempdimb=\dimen353
\c@SC@C=\count360
\SC@BOX=\box86
) (C:\Users\alejo\AppData\Local\Programs\MiKTeX\tex/latex/makecell\makecell.sty
Package: makecell 2009/08/03 V0.1e Managing of Tab Column Heads and Cells
 (C:\Users\alejo\AppData\Local\Programs\MiKTeX\tex/latex/tools\array.sty
Package: array 2023/10/16 v2.5g Tabular extension package (FMi)
\col@sep=\dimen354
\ar@mcellbox=\box87
\extrarowheight=\dimen355
\NC@list=\toks54
\extratabsurround=\skip65
\backup@length=\skip66
\ar@cellbox=\box88
)
\rotheadsize=\dimen356
\c@nlinenum=\count361
\TeXr@lab=\toks55
) (C:\Users\alejo\AppData\Local\Programs\MiKTeX\tex/latex/apacite\apacite.sty
Package: apacite 2013/07/21 v6.03 APA citation
\c@BibCnt=\count362
\bibleftmargin=\skip67
\bibindent=\skip68
\bibparsep=\skip69
\bibitemsep=\skip70
\biblabelsep=\skip71
)
LaTeX Font Info:    Trying to load font information for OT1+lmss on input line 55.
 (C:\Users\alejo\AppData\Local\Programs\MiKTeX\tex/latex/lm\ot1lmss.fd
File: ot1lmss.fd 2015/05/01 v1.6.1 Font defs for Latin Modern
) (C:\Users\alejo\AppData\Local\Programs\MiKTeX\tex/latex/l3backend\l3backend-pdftex.def
File: l3backend-pdftex.def 2024-04-11 L3 backend support: PDF output (pdfTeX)
\l__color_backend_stack_int=\count363
\l__pdf_internal_box=\box89
) (web-scraping.aux
LaTeX Info: Redefining \. on input line 13.
LaTeX Info: Redefining \% on input line 13.
)
\openout1 = `web-scraping.aux'.

LaTeX Font Info:    Checking defaults for OML/cmm/m/it on input line 55.
LaTeX Font Info:    ... okay on input line 55.
LaTeX Font Info:    Checking defaults for OMS/cmsy/m/n on input line 55.
LaTeX Font Info:    ... okay on input line 55.
LaTeX Font Info:    Checking defaults for OT1/cmr/m/n on input line 55.
LaTeX Font Info:    ... okay on input line 55.
LaTeX Font Info:    Checking defaults for T1/cmr/m/n on input line 55.
LaTeX Font Info:    ... okay on input line 55.
LaTeX Font Info:    Checking defaults for TS1/cmr/m/n on input line 55.
LaTeX Font Info:    ... okay on input line 55.
LaTeX Font Info:    Checking defaults for OMX/cmex/m/n on input line 55.
LaTeX Font Info:    ... okay on input line 55.
LaTeX Font Info:    Checking defaults for U/cmr/m/n on input line 55.
LaTeX Font Info:    ... okay on input line 55.
LaTeX Font Info:    Checking defaults for PD1/pdf/m/n on input line 55.
LaTeX Font Info:    ... okay on input line 55.
LaTeX Font Info:    Checking defaults for PU/pdf/m/n on input line 55.
LaTeX Font Info:    ... okay on input line 55.

*geometry* driver: auto-detecting
*geometry* detected driver: pdftex
*geometry* verbose mode - [ preamble ] result:
* driver: pdftex
* paper: custom
* layout: <same size as paper>
* layoutoffset:(h,v)=(0.0pt,0.0pt)
* modes: includehead includefoot 
* h-part:(L,W,R)=(10.95003pt, 342.2953pt, 10.95003pt)
* v-part:(T,H,B)=(0.0pt, 273.14662pt, 0.0pt)
* \paperwidth=364.19536pt
* \paperheight=273.14662pt
* \textwidth=342.2953pt
* \textheight=244.6939pt
* \oddsidemargin=-61.31996pt
* \evensidemargin=-61.31996pt
* \topmargin=-72.26999pt
* \headheight=14.22636pt
* \headsep=0.0pt
* \topskip=11.0pt
* \footskip=14.22636pt
* \marginparwidth=4.0pt
* \marginparsep=10.0pt
* \columnsep=10.0pt
* \skip\footins=10.0pt plus 4.0pt minus 2.0pt
* \hoffset=0.0pt
* \voffset=0.0pt
* \mag=1000
* \@twocolumnfalse
* \@twosidefalse
* \@mparswitchfalse
* \@reversemarginfalse
* (1in=72.27pt=25.4mm, 1cm=28.453pt)

(C:\Users\alejo\AppData\Local\Programs\MiKTeX\tex/context/base/mkii\supp-pdf.mkii
[Loading MPS to PDF converter (version 2006.09.02).]
\scratchcounter=\count364
\scratchdimen=\dimen357
\scratchbox=\box90
\nofMPsegments=\count365
\nofMParguments=\count366
\everyMPshowfont=\toks56
\MPscratchCnt=\count367
\MPscratchDim=\dimen358
\MPnumerator=\count368
\makeMPintoPDFobject=\count369
\everyMPtoPDFconversion=\toks57
) (C:\Users\alejo\AppData\Local\Programs\MiKTeX\tex/latex/epstopdf-pkg\epstopdf-base.sty
Package: epstopdf-base 2020-01-24 v2.11 Base part for package epstopdf
Package epstopdf-base Info: Redefining graphics rule for `.eps' on input line 485.
 (C:\Users\alejo\AppData\Local\Programs\MiKTeX\tex/latex/00miktex\epstopdf-sys.cfg
File: epstopdf-sys.cfg 2021/03/18 v2.0 Configuration of epstopdf for MiKTeX
))
Package hyperref Info: Link coloring OFF on input line 55.
 (web-scraping.out) (web-scraping.out)
\@outlinefile=\write5
\openout5 = `web-scraping.out'.

 (C:\Users\alejo\AppData\Local\Programs\MiKTeX\tex/latex/translator\translator-basic-dictionary-English.dict
Dictionary: translator-basic-dictionary, Language: English 
) (C:\Users\alejo\AppData\Local\Programs\MiKTeX\tex/latex/translator\translator-bibliography-dictionary-English.dict
Dictionary: translator-bibliography-dictionary, Language: English 
) (C:\Users\alejo\AppData\Local\Programs\MiKTeX\tex/latex/translator\translator-environment-dictionary-English.dict
Dictionary: translator-environment-dictionary, Language: English 
) (C:\Users\alejo\AppData\Local\Programs\MiKTeX\tex/latex/translator\translator-months-dictionary-English.dict
Dictionary: translator-months-dictionary, Language: English 
) (C:\Users\alejo\AppData\Local\Programs\MiKTeX\tex/latex/translator\translator-numbers-dictionary-English.dict
Dictionary: translator-numbers-dictionary, Language: English 
) (C:\Users\alejo\AppData\Local\Programs\MiKTeX\tex/latex/translator\translator-theorem-dictionary-English.dict
Dictionary: translator-theorem-dictionary, Language: English 
)
LaTeX Info: Redefining \. on input line 55.
LaTeX Info: Redefining \% on input line 55.
Package caption Info: Begin \AtBeginDocument code.
Package caption Info: sidecap package is loaded.
Package caption Info: End \AtBeginDocument code.
 (C:\Users\alejo\AppData\Local\Programs\MiKTeX\tex/latex/ragged2e\ragged2e.sty
Package: ragged2e 2023/06/22 v3.6 ragged2e Package
\CenteringLeftskip=\skip72
\RaggedLeftLeftskip=\skip73
\RaggedRightLeftskip=\skip74
\CenteringRightskip=\skip75
\RaggedLeftRightskip=\skip76
\RaggedRightRightskip=\skip77
\CenteringParfillskip=\skip78
\RaggedLeftParfillskip=\skip79
\RaggedRightParfillskip=\skip80
\JustifyingParfillskip=\skip81
\CenteringParindent=\skip82
\RaggedLeftParindent=\skip83
\RaggedRightParindent=\skip84
\JustifyingParindent=\skip85
)
\c@maskedRefs=\count370
 (C:\Users\alejo\AppData\Local\Programs\MiKTeX\tex/latex/apacite\spanish.apc
File: spanish.apc 2013/07/21 v6.03 apacite language file
LaTeX Info: Redefining \BPBI on input line 138.
LaTeX Info: Redefining \BHBI on input line 139.
) (web-scraping.nav)
<C:/Users/alejo/OneDrive - Universidad de Las Américas/Ico/economia-logo.png, id=30, 192.2382pt x 46.7346pt>
File: C:/Users/alejo/OneDrive - Universidad de Las Américas/Ico/economia-logo.png Graphic file (type png)
<use C:/Users/alejo/OneDrive - Universidad de Las Américas/Ico/economia-logo.png>
Package pdftex.def Info: C:/Users/alejo/OneDrive - Universidad de Las Américas/Ico/economia-logo.png  used on input line 56.
(pdftex.def)             Requested size: 71.13188pt x 17.29295pt.
 [1

{C:/Users/alejo/AppData/Local/MiKTeX/fonts/map/pdftex/pdftex.map}{C:/Users/alejo/AppData/Local/Programs/MiKTeX/fonts/enc/dvips/lm/lm-rm.enc} <C:/Users/alejo/OneDrive - Universidad de Las Américas/Ico/economia-logo.png>]
File: C:/Users/alejo/OneDrive - Universidad de Las Américas/Ico/economia-logo.png Graphic file (type png)
<use C:/Users/alejo/OneDrive - Universidad de Las Américas/Ico/economia-logo.png>
Package pdftex.def Info: C:/Users/alejo/OneDrive - Universidad de Las Américas/Ico/economia-logo.png  used on input line 69.
(pdftex.def)             Requested size: 71.13188pt x 17.29295pt.
 [2

]
LaTeX Font Info:    Trying to load font information for OT1+lmr on input line 89.
 (C:\Users\alejo\AppData\Local\Programs\MiKTeX\tex/latex/lm\ot1lmr.fd
File: ot1lmr.fd 2015/05/01 v1.6.1 Font defs for Latin Modern
)
LaTeX Font Info:    Trying to load font information for OML+lmm on input line 89.
 (C:\Users\alejo\AppData\Local\Programs\MiKTeX\tex/latex/lm\omllmm.fd
File: omllmm.fd 2015/05/01 v1.6.1 Font defs for Latin Modern
)
LaTeX Font Info:    Trying to load font information for OMS+lmsy on input line 89.
 (C:\Users\alejo\AppData\Local\Programs\MiKTeX\tex/latex/lm\omslmsy.fd
File: omslmsy.fd 2015/05/01 v1.6.1 Font defs for Latin Modern
)
LaTeX Font Info:    Trying to load font information for OMX+lmex on input line 89.
 (C:\Users\alejo\AppData\Local\Programs\MiKTeX\tex/latex/lm\omxlmex.fd
File: omxlmex.fd 2015/05/01 v1.6.1 Font defs for Latin Modern
)
LaTeX Font Info:    External font `lmex10' loaded for size
(Font)              <10.95> on input line 89.
LaTeX Font Info:    External font `lmex10' loaded for size
(Font)              <8> on input line 89.
LaTeX Font Info:    External font `lmex10' loaded for size
(Font)              <6> on input line 89.
LaTeX Font Info:    Trying to load font information for U+msa on input line 89.
 (C:\Users\alejo\AppData\Local\Programs\MiKTeX\tex/latex/amsfonts\umsa.fd
File: umsa.fd 2013/01/14 v3.01 AMS symbols A
)
LaTeX Font Info:    Trying to load font information for U+msb on input line 89.
 (C:\Users\alejo\AppData\Local\Programs\MiKTeX\tex/latex/amsfonts\umsb.fd
File: umsb.fd 2013/01/14 v3.01 AMS symbols B
)
File: C:/Users/alejo/OneDrive - Universidad de Las Américas/Ico/economia-logo.png Graphic file (type png)
<use C:/Users/alejo/OneDrive - Universidad de Las Américas/Ico/economia-logo.png>
Package pdftex.def Info: C:/Users/alejo/OneDrive - Universidad de Las Américas/Ico/economia-logo.png  used on input line 89.
(pdftex.def)             Requested size: 71.13188pt x 17.29295pt.
 [3

]
File: C:/Users/alejo/OneDrive - Universidad de Las Américas/Ico/economia-logo.png Graphic file (type png)
<use C:/Users/alejo/OneDrive - Universidad de Las Américas/Ico/economia-logo.png>
Package pdftex.def Info: C:/Users/alejo/OneDrive - Universidad de Las Américas/Ico/economia-logo.png  used on input line 112.
(pdftex.def)             Requested size: 71.13188pt x 17.29295pt.
 [4

]
LaTeX Font Info:    Trying to load font information for OT1+lmtt on input line 130.
 (C:\Users\alejo\AppData\Local\Programs\MiKTeX\tex/latex/lm\ot1lmtt.fd
File: ot1lmtt.fd 2015/05/01 v1.6.1 Font defs for Latin Modern
)
LaTeX Font Info:    External font `lmex10' loaded for size
(Font)              <10> on input line 130.
LaTeX Font Info:    External font `lmex10' loaded for size
(Font)              <7> on input line 130.
LaTeX Font Info:    External font `lmex10' loaded for size
(Font)              <5> on input line 130.
File: C:/Users/alejo/OneDrive - Universidad de Las Américas/Ico/economia-logo.png Graphic file (type png)
<use C:/Users/alejo/OneDrive - Universidad de Las Américas/Ico/economia-logo.png>
Package pdftex.def Info: C:/Users/alejo/OneDrive - Universidad de Las Américas/Ico/economia-logo.png  used on input line 130.
(pdftex.def)             Requested size: 71.13188pt x 17.29295pt.
 [5

{C:/Users/alejo/AppData/Local/Programs/MiKTeX/fonts/enc/dvips/lm/lm-rmtt.enc}]
<quadrant.png, id=197, 429.10312pt x 445.665pt>
File: quadrant.png Graphic file (type png)
<use quadrant.png>
Package pdftex.def Info: quadrant.png  used on input line 149.
(pdftex.def)             Requested size: 171.6382pt x 178.26283pt.
File: C:/Users/alejo/OneDrive - Universidad de Las Américas/Ico/economia-logo.png Graphic file (type png)
<use C:/Users/alejo/OneDrive - Universidad de Las Américas/Ico/economia-logo.png>
Package pdftex.def Info: C:/Users/alejo/OneDrive - Universidad de Las Américas/Ico/economia-logo.png  used on input line 149.
(pdftex.def)             Requested size: 71.13188pt x 17.29295pt.
 [6

 <./quadrant.png>]
File: C:/Users/alejo/OneDrive - Universidad de Las Américas/Ico/economia-logo.png Graphic file (type png)
<use C:/Users/alejo/OneDrive - Universidad de Las Américas/Ico/economia-logo.png>
Package pdftex.def Info: C:/Users/alejo/OneDrive - Universidad de Las Américas/Ico/economia-logo.png  used on input line 168.
(pdftex.def)             Requested size: 71.13188pt x 17.29295pt.
 [7

]
<excel.png, id=269, 788.19469pt x 322.20375pt>
File: excel.png Graphic file (type png)
<use excel.png>
Package pdftex.def Info: excel.png  used on input line 179.
(pdftex.def)             Requested size: 275.87227pt x 112.773pt.
File: C:/Users/alejo/OneDrive - Universidad de Las Américas/Ico/economia-logo.png Graphic file (type png)
<use C:/Users/alejo/OneDrive - Universidad de Las Américas/Ico/economia-logo.png>
Package pdftex.def Info: C:/Users/alejo/OneDrive - Universidad de Las Américas/Ico/economia-logo.png  used on input line 179.
(pdftex.def)             Requested size: 71.13188pt x 17.29295pt.
 [8

 <./excel.png>]
File: C:/Users/alejo/OneDrive - Universidad de Las Américas/Ico/economia-logo.png Graphic file (type png)
<use C:/Users/alejo/OneDrive - Universidad de Las Américas/Ico/economia-logo.png>
Package pdftex.def Info: C:/Users/alejo/OneDrive - Universidad de Las Américas/Ico/economia-logo.png  used on input line 189.
(pdftex.def)             Requested size: 71.13188pt x 17.29295pt.
 [9

]
File: C:/Users/alejo/OneDrive - Universidad de Las Américas/Ico/economia-logo.png Graphic file (type png)
<use C:/Users/alejo/OneDrive - Universidad de Las Américas/Ico/economia-logo.png>
Package pdftex.def Info: C:/Users/alejo/OneDrive - Universidad de Las Américas/Ico/economia-logo.png  used on input line 206.
(pdftex.def)             Requested size: 71.13188pt x 17.29295pt.
 [10

]
<learning-curve.png, id=356, 433.62pt x 434.62375pt>
File: learning-curve.png Graphic file (type png)
<use learning-curve.png>
Package pdftex.def Info: learning-curve.png  used on input line 212.
(pdftex.def)             Requested size: 216.80946pt x 217.31134pt.
File: C:/Users/alejo/OneDrive - Universidad de Las Américas/Ico/economia-logo.png Graphic file (type png)
<use C:/Users/alejo/OneDrive - Universidad de Las Américas/Ico/economia-logo.png>
Package pdftex.def Info: C:/Users/alejo/OneDrive - Universidad de Las Américas/Ico/economia-logo.png  used on input line 212.
(pdftex.def)             Requested size: 71.13188pt x 17.29295pt.
 [11

 <./learning-curve.png>]
<learning_curve2.png, id=384, 803.0pt x 779.91376pt>
File: learning_curve2.png Graphic file (type png)
<use learning_curve2.png>
Package pdftex.def Info: learning_curve2.png  used on input line 217.
(pdftex.def)             Requested size: 200.74951pt x 194.97797pt.
File: C:/Users/alejo/OneDrive - Universidad de Las Américas/Ico/economia-logo.png Graphic file (type png)
<use C:/Users/alejo/OneDrive - Universidad de Las Américas/Ico/economia-logo.png>
Package pdftex.def Info: C:/Users/alejo/OneDrive - Universidad de Las Américas/Ico/economia-logo.png  used on input line 217.
(pdftex.def)             Requested size: 71.13188pt x 17.29295pt.
 [12

 <./learning_curve2.png>]
\tf@nav=\write6
\openout6 = `web-scraping.nav'.

\tf@toc=\write7
\openout7 = `web-scraping.toc'.

\tf@snm=\write8
\openout8 = `web-scraping.snm'.

 (web-scraping.aux
LaTeX Info: Redefining \. on input line 13.
LaTeX Info: Redefining \% on input line 13.
)
 ***********
LaTeX2e <2023-11-01> patch level 1
L3 programming layer <2024-04-11>
 ***********
Package rerunfilecheck Info: File `web-scraping.out' has not changed.
(rerunfilecheck)             Checksum: FAA2F211B8CC40558217C1B391102865;106.
 ) 
Here is how much of TeX's memory you used:
 30517 strings out of 474370
 605540 string characters out of 5740535
 1944754 words of memory out of 5000000
 52234 multiletter control sequences out of 15000+600000
 608091 words of font info for 80 fonts, out of 8000000 for 9000
 1141 hyphenation exceptions out of 8191
 128i,16n,123p,493b,716s stack positions out of 10000i,1000n,20000p,200000b,200000s
<C:/Users/alejo/AppData/Local/Programs/MiKTeX/fonts/type1/public/lm/lmss10.pfb><C:/Users/alejo/AppData/Local/Programs/MiKTeX/fonts/type1/public/lm/lmss12.pfb><C:/Users/alejo/AppData/Local/Programs/MiKTeX/fonts/type1/public/lm/lmss8.pfb><C:/Users/alejo/AppData/Local/Programs/MiKTeX/fonts/type1/public/lm/lmss9.pfb><C:/Users/alejo/AppData/Local/Programs/MiKTeX/fonts/type1/public/lm/lmssbx10.pfb><C:/Users/alejo/AppData/Local/Programs/MiKTeX/fonts/type1/public/lm/lmtt10.pfb><C:/Users/alejo/AppData/Local/Programs/MiKTeX/fonts/type1/public/lm/lmtt8.pfb>
Output written on web-scraping.pdf (12 pages, 509018 bytes).
PDF statistics:
 451 PDF objects out of 1000 (max. 8388607)
 26 named destinations out of 1000 (max. 500000)
 196 words of extra memory for PDF output out of 10000 (max. 10000000)

